2023-02-10 12:38:00,385 Namespace(cfg='experiments/cityscapes/hrnet_w18_small_v1.yaml', opts=[])
2023-02-10 12:38:00,385 AUTO_RESUME: False
CUDNN:
  BENCHMARK: True
  DETERMINISTIC: False
  ENABLED: True
DATASET:
  DATASET: cityscapes
  EXTRA_TRAIN_SET: 
  NUM_CLASSES: 19
  ROOT: data/
  TEST_SET: list/cityscapes/val.lst
  TRAIN_SET: list/cityscapes/train.lst
DEBUG:
  DEBUG: False
  SAVE_BATCH_IMAGES_GT: False
  SAVE_BATCH_IMAGES_PRED: False
  SAVE_HEATMAPS_GT: False
  SAVE_HEATMAPS_PRED: False
GPUS: (0,)
LOG_DIR: log
LOSS:
  CLASS_BALANCE: True
  OHEMKEEP: 131072
  OHEMTHRES: 0.9
  USE_OHEM: False
MODEL:
  EXTRA:
    FINAL_CONV_KERNEL: 1
    STAGE1:
      BLOCK: BOTTLENECK
      FUSE_METHOD: SUM
      NUM_BLOCKS: [1]
      NUM_CHANNELS: [32]
      NUM_MODULES: 1
      NUM_RANCHES: 1
    STAGE2:
      BLOCK: BASIC
      FUSE_METHOD: SUM
      NUM_BLOCKS: [2, 2]
      NUM_BRANCHES: 2
      NUM_CHANNELS: [16, 32]
      NUM_MODULES: 1
    STAGE3:
      BLOCK: BASIC
      FUSE_METHOD: SUM
      NUM_BLOCKS: [2, 2, 2]
      NUM_BRANCHES: 3
      NUM_CHANNELS: [16, 32, 64]
      NUM_MODULES: 1
    STAGE4:
      BLOCK: BASIC
      FUSE_METHOD: SUM
      NUM_BLOCKS: [2, 2, 2, 2]
      NUM_BRANCHES: 4
      NUM_CHANNELS: [16, 32, 64, 128]
      NUM_MODULES: 1
  NAME: seg_hrnet
  PRETRAINED: pretrained_models/hrnet_w18_small_model_v1.pth
OUTPUT_DIR: output
PIN_MEMORY: True
PRINT_FREQ: 100
RANK: 0
TEST:
  BASE_SIZE: 2048
  BATCH_SIZE_PER_GPU: 4
  FLIP_TEST: False
  IMAGE_SIZE: [2048, 1024]
  MODEL_FILE: 
  MULTI_SCALE: False
  NUM_SAMPLES: 0
  SCALE_LIST: [1]
TRAIN:
  BASE_SIZE: 2048
  BATCH_SIZE_PER_GPU: 3
  BEGIN_EPOCH: 0
  DOWNSAMPLERATE: 1
  END_EPOCH: 10
  EXTRA_EPOCH: 0
  EXTRA_LR: 0.001
  FLIP: True
  IGNORE_LABEL: 255
  IMAGE_SIZE: [1024, 512]
  LR: 0.01
  LR_FACTOR: 0.1
  LR_STEP: [90, 110]
  MOMENTUM: 0.9
  MULTI_SCALE: True
  NESTEROV: False
  NUM_SAMPLES: 0
  OPTIMIZER: sgd
  RESUME: True
  SCALE_FACTOR: 16
  SHUFFLE: True
  WD: 0.0005
WORKERS: 4
2023-02-10 12:38:00,406 => init weights from normal distribution
2023-02-10 12:38:00,605 => loading pretrained model pretrained_models/hrnet_w18_small_model_v1.pth
2023-02-10 12:38:00,606 => loading conv1.weight pretrained model pretrained_models/hrnet_w18_small_model_v1.pth
2023-02-10 12:38:00,606 => loading bn1.weight pretrained model pretrained_models/hrnet_w18_small_model_v1.pth
2023-02-10 12:38:00,606 => loading bn1.bias pretrained model pretrained_models/hrnet_w18_small_model_v1.pth
2023-02-10 12:38:00,606 => loading bn1.running_mean pretrained model pretrained_models/hrnet_w18_small_model_v1.pth
2023-02-10 12:38:00,606 => loading bn1.running_var pretrained model pretrained_models/hrnet_w18_small_model_v1.pth
2023-02-10 12:38:00,606 => loading bn1.num_batches_tracked pretrained model pretrained_models/hrnet_w18_small_model_v1.pth
2023-02-10 12:38:00,606 => loading conv2.weight pretrained model pretrained_models/hrnet_w18_small_model_v1.pth
2023-02-10 12:38:00,606 => loading bn2.weight pretrained model pretrained_models/hrnet_w18_small_model_v1.pth
2023-02-10 12:38:00,607 => loading bn2.bias pretrained model pretrained_models/hrnet_w18_small_model_v1.pth
2023-02-10 12:38:00,607 => loading bn2.running_mean pretrained model pretrained_models/hrnet_w18_small_model_v1.pth
2023-02-10 12:38:00,607 => loading bn2.running_var pretrained model pretrained_models/hrnet_w18_small_model_v1.pth
2023-02-10 12:38:00,607 => loading bn2.num_batches_tracked pretrained model pretrained_models/hrnet_w18_small_model_v1.pth
2023-02-10 12:38:00,607 => loading layer1.0.conv1.weight pretrained model pretrained_models/hrnet_w18_small_model_v1.pth
2023-02-10 12:38:00,607 => loading layer1.0.bn1.weight pretrained model pretrained_models/hrnet_w18_small_model_v1.pth
2023-02-10 12:38:00,607 => loading layer1.0.bn1.bias pretrained model pretrained_models/hrnet_w18_small_model_v1.pth
2023-02-10 12:38:00,607 => loading layer1.0.bn1.running_mean pretrained model pretrained_models/hrnet_w18_small_model_v1.pth
2023-02-10 12:38:00,607 => loading layer1.0.bn1.running_var pretrained model pretrained_models/hrnet_w18_small_model_v1.pth
2023-02-10 12:38:00,607 => loading layer1.0.bn1.num_batches_tracked pretrained model pretrained_models/hrnet_w18_small_model_v1.pth
2023-02-10 12:38:00,607 => loading layer1.0.conv2.weight pretrained model pretrained_models/hrnet_w18_small_model_v1.pth
2023-02-10 12:38:00,607 => loading layer1.0.bn2.weight pretrained model pretrained_models/hrnet_w18_small_model_v1.pth
2023-02-10 12:38:00,607 => loading layer1.0.bn2.bias pretrained model pretrained_models/hrnet_w18_small_model_v1.pth
2023-02-10 12:38:00,607 => loading layer1.0.bn2.running_mean pretrained model pretrained_models/hrnet_w18_small_model_v1.pth
2023-02-10 12:38:00,607 => loading layer1.0.bn2.running_var pretrained model pretrained_models/hrnet_w18_small_model_v1.pth
2023-02-10 12:38:00,607 => loading layer1.0.bn2.num_batches_tracked pretrained model pretrained_models/hrnet_w18_small_model_v1.pth
2023-02-10 12:38:00,607 => loading layer1.0.conv3.weight pretrained model pretrained_models/hrnet_w18_small_model_v1.pth
2023-02-10 12:38:00,607 => loading layer1.0.bn3.weight pretrained model pretrained_models/hrnet_w18_small_model_v1.pth
2023-02-10 12:38:00,607 => loading layer1.0.bn3.bias pretrained model pretrained_models/hrnet_w18_small_model_v1.pth
2023-02-10 12:38:00,607 => loading layer1.0.bn3.running_mean pretrained model pretrained_models/hrnet_w18_small_model_v1.pth
2023-02-10 12:38:00,607 => loading layer1.0.bn3.running_var pretrained model pretrained_models/hrnet_w18_small_model_v1.pth
2023-02-10 12:38:00,607 => loading layer1.0.bn3.num_batches_tracked pretrained model pretrained_models/hrnet_w18_small_model_v1.pth
2023-02-10 12:38:00,607 => loading layer1.0.downsample.0.weight pretrained model pretrained_models/hrnet_w18_small_model_v1.pth
2023-02-10 12:38:00,607 => loading layer1.0.downsample.1.weight pretrained model pretrained_models/hrnet_w18_small_model_v1.pth
2023-02-10 12:38:00,607 => loading layer1.0.downsample.1.bias pretrained model pretrained_models/hrnet_w18_small_model_v1.pth
2023-02-10 12:38:00,607 => loading layer1.0.downsample.1.running_mean pretrained model pretrained_models/hrnet_w18_small_model_v1.pth
2023-02-10 12:38:00,607 => loading layer1.0.downsample.1.running_var pretrained model pretrained_models/hrnet_w18_small_model_v1.pth
2023-02-10 12:38:00,607 => loading layer1.0.downsample.1.num_batches_tracked pretrained model pretrained_models/hrnet_w18_small_model_v1.pth
2023-02-10 12:38:00,607 => loading transition1.0.0.weight pretrained model pretrained_models/hrnet_w18_small_model_v1.pth
2023-02-10 12:38:00,607 => loading transition1.0.1.weight pretrained model pretrained_models/hrnet_w18_small_model_v1.pth
2023-02-10 12:38:00,607 => loading transition1.0.1.bias pretrained model pretrained_models/hrnet_w18_small_model_v1.pth
2023-02-10 12:38:00,607 => loading transition1.0.1.running_mean pretrained model pretrained_models/hrnet_w18_small_model_v1.pth
2023-02-10 12:38:00,607 => loading transition1.0.1.running_var pretrained model pretrained_models/hrnet_w18_small_model_v1.pth
2023-02-10 12:38:00,607 => loading transition1.0.1.num_batches_tracked pretrained model pretrained_models/hrnet_w18_small_model_v1.pth
2023-02-10 12:38:00,607 => loading transition1.1.0.0.weight pretrained model pretrained_models/hrnet_w18_small_model_v1.pth
2023-02-10 12:38:00,607 => loading transition1.1.0.1.weight pretrained model pretrained_models/hrnet_w18_small_model_v1.pth
2023-02-10 12:38:00,607 => loading transition1.1.0.1.bias pretrained model pretrained_models/hrnet_w18_small_model_v1.pth
2023-02-10 12:38:00,607 => loading transition1.1.0.1.running_mean pretrained model pretrained_models/hrnet_w18_small_model_v1.pth
2023-02-10 12:38:00,607 => loading transition1.1.0.1.running_var pretrained model pretrained_models/hrnet_w18_small_model_v1.pth
2023-02-10 12:38:00,607 => loading transition1.1.0.1.num_batches_tracked pretrained model pretrained_models/hrnet_w18_small_model_v1.pth
2023-02-10 12:38:00,607 => loading stage2.0.branches.0.0.conv1.weight pretrained model pretrained_models/hrnet_w18_small_model_v1.pth
2023-02-10 12:38:00,607 => loading stage2.0.branches.0.0.bn1.weight pretrained model pretrained_models/hrnet_w18_small_model_v1.pth
2023-02-10 12:38:00,607 => loading stage2.0.branches.0.0.bn1.bias pretrained model pretrained_models/hrnet_w18_small_model_v1.pth
2023-02-10 12:38:00,607 => loading stage2.0.branches.0.0.bn1.running_mean pretrained model pretrained_models/hrnet_w18_small_model_v1.pth
2023-02-10 12:38:00,607 => loading stage2.0.branches.0.0.bn1.running_var pretrained model pretrained_models/hrnet_w18_small_model_v1.pth
2023-02-10 12:38:00,607 => loading stage2.0.branches.0.0.bn1.num_batches_tracked pretrained model pretrained_models/hrnet_w18_small_model_v1.pth
2023-02-10 12:38:00,607 => loading stage2.0.branches.0.0.conv2.weight pretrained model pretrained_models/hrnet_w18_small_model_v1.pth
2023-02-10 12:38:00,608 => loading stage2.0.branches.0.0.bn2.weight pretrained model pretrained_models/hrnet_w18_small_model_v1.pth
2023-02-10 12:38:00,608 => loading stage2.0.branches.0.0.bn2.bias pretrained model pretrained_models/hrnet_w18_small_model_v1.pth
2023-02-10 12:38:00,608 => loading stage2.0.branches.0.0.bn2.running_mean pretrained model pretrained_models/hrnet_w18_small_model_v1.pth
2023-02-10 12:38:00,608 => loading stage2.0.branches.0.0.bn2.running_var pretrained model pretrained_models/hrnet_w18_small_model_v1.pth
2023-02-10 12:38:00,608 => loading stage2.0.branches.0.0.bn2.num_batches_tracked pretrained model pretrained_models/hrnet_w18_small_model_v1.pth
2023-02-10 12:38:00,608 => loading stage2.0.branches.0.1.conv1.weight pretrained model pretrained_models/hrnet_w18_small_model_v1.pth
2023-02-10 12:38:00,608 => loading stage2.0.branches.0.1.bn1.weight pretrained model pretrained_models/hrnet_w18_small_model_v1.pth
2023-02-10 12:38:00,608 => loading stage2.0.branches.0.1.bn1.bias pretrained model pretrained_models/hrnet_w18_small_model_v1.pth
2023-02-10 12:38:00,608 => loading stage2.0.branches.0.1.bn1.running_mean pretrained model pretrained_models/hrnet_w18_small_model_v1.pth
2023-02-10 12:38:00,608 => loading stage2.0.branches.0.1.bn1.running_var pretrained model pretrained_models/hrnet_w18_small_model_v1.pth
2023-02-10 12:38:00,608 => loading stage2.0.branches.0.1.bn1.num_batches_tracked pretrained model pretrained_models/hrnet_w18_small_model_v1.pth
2023-02-10 12:38:00,608 => loading stage2.0.branches.0.1.conv2.weight pretrained model pretrained_models/hrnet_w18_small_model_v1.pth
2023-02-10 12:38:00,608 => loading stage2.0.branches.0.1.bn2.weight pretrained model pretrained_models/hrnet_w18_small_model_v1.pth
2023-02-10 12:38:00,608 => loading stage2.0.branches.0.1.bn2.bias pretrained model pretrained_models/hrnet_w18_small_model_v1.pth
2023-02-10 12:38:00,608 => loading stage2.0.branches.0.1.bn2.running_mean pretrained model pretrained_models/hrnet_w18_small_model_v1.pth
2023-02-10 12:38:00,608 => loading stage2.0.branches.0.1.bn2.running_var pretrained model pretrained_models/hrnet_w18_small_model_v1.pth
2023-02-10 12:38:00,608 => loading stage2.0.branches.0.1.bn2.num_batches_tracked pretrained model pretrained_models/hrnet_w18_small_model_v1.pth
2023-02-10 12:38:00,608 => loading stage2.0.branches.1.0.conv1.weight pretrained model pretrained_models/hrnet_w18_small_model_v1.pth
2023-02-10 12:38:00,608 => loading stage2.0.branches.1.0.bn1.weight pretrained model pretrained_models/hrnet_w18_small_model_v1.pth
2023-02-10 12:38:00,608 => loading stage2.0.branches.1.0.bn1.bias pretrained model pretrained_models/hrnet_w18_small_model_v1.pth
2023-02-10 12:38:00,608 => loading stage2.0.branches.1.0.bn1.running_mean pretrained model pretrained_models/hrnet_w18_small_model_v1.pth
2023-02-10 12:38:00,608 => loading stage2.0.branches.1.0.bn1.running_var pretrained model pretrained_models/hrnet_w18_small_model_v1.pth
2023-02-10 12:38:00,608 => loading stage2.0.branches.1.0.bn1.num_batches_tracked pretrained model pretrained_models/hrnet_w18_small_model_v1.pth
2023-02-10 12:38:00,608 => loading stage2.0.branches.1.0.conv2.weight pretrained model pretrained_models/hrnet_w18_small_model_v1.pth
2023-02-10 12:38:00,608 => loading stage2.0.branches.1.0.bn2.weight pretrained model pretrained_models/hrnet_w18_small_model_v1.pth
2023-02-10 12:38:00,608 => loading stage2.0.branches.1.0.bn2.bias pretrained model pretrained_models/hrnet_w18_small_model_v1.pth
2023-02-10 12:38:00,608 => loading stage2.0.branches.1.0.bn2.running_mean pretrained model pretrained_models/hrnet_w18_small_model_v1.pth
2023-02-10 12:38:00,608 => loading stage2.0.branches.1.0.bn2.running_var pretrained model pretrained_models/hrnet_w18_small_model_v1.pth
2023-02-10 12:38:00,608 => loading stage2.0.branches.1.0.bn2.num_batches_tracked pretrained model pretrained_models/hrnet_w18_small_model_v1.pth
2023-02-10 12:38:00,608 => loading stage2.0.branches.1.1.conv1.weight pretrained model pretrained_models/hrnet_w18_small_model_v1.pth
2023-02-10 12:38:00,608 => loading stage2.0.branches.1.1.bn1.weight pretrained model pretrained_models/hrnet_w18_small_model_v1.pth
2023-02-10 12:38:00,608 => loading stage2.0.branches.1.1.bn1.bias pretrained model pretrained_models/hrnet_w18_small_model_v1.pth
2023-02-10 12:38:00,608 => loading stage2.0.branches.1.1.bn1.running_mean pretrained model pretrained_models/hrnet_w18_small_model_v1.pth
2023-02-10 12:38:00,608 => loading stage2.0.branches.1.1.bn1.running_var pretrained model pretrained_models/hrnet_w18_small_model_v1.pth
2023-02-10 12:38:00,608 => loading stage2.0.branches.1.1.bn1.num_batches_tracked pretrained model pretrained_models/hrnet_w18_small_model_v1.pth
2023-02-10 12:38:00,608 => loading stage2.0.branches.1.1.conv2.weight pretrained model pretrained_models/hrnet_w18_small_model_v1.pth
2023-02-10 12:38:00,608 => loading stage2.0.branches.1.1.bn2.weight pretrained model pretrained_models/hrnet_w18_small_model_v1.pth
2023-02-10 12:38:00,608 => loading stage2.0.branches.1.1.bn2.bias pretrained model pretrained_models/hrnet_w18_small_model_v1.pth
2023-02-10 12:38:00,608 => loading stage2.0.branches.1.1.bn2.running_mean pretrained model pretrained_models/hrnet_w18_small_model_v1.pth
2023-02-10 12:38:00,608 => loading stage2.0.branches.1.1.bn2.running_var pretrained model pretrained_models/hrnet_w18_small_model_v1.pth
2023-02-10 12:38:00,608 => loading stage2.0.branches.1.1.bn2.num_batches_tracked pretrained model pretrained_models/hrnet_w18_small_model_v1.pth
2023-02-10 12:38:00,608 => loading stage2.0.fuse_layers.0.1.0.weight pretrained model pretrained_models/hrnet_w18_small_model_v1.pth
2023-02-10 12:38:00,608 => loading stage2.0.fuse_layers.0.1.1.weight pretrained model pretrained_models/hrnet_w18_small_model_v1.pth
2023-02-10 12:38:00,608 => loading stage2.0.fuse_layers.0.1.1.bias pretrained model pretrained_models/hrnet_w18_small_model_v1.pth
2023-02-10 12:38:00,608 => loading stage2.0.fuse_layers.0.1.1.running_mean pretrained model pretrained_models/hrnet_w18_small_model_v1.pth
2023-02-10 12:38:00,608 => loading stage2.0.fuse_layers.0.1.1.running_var pretrained model pretrained_models/hrnet_w18_small_model_v1.pth
2023-02-10 12:38:00,608 => loading stage2.0.fuse_layers.0.1.1.num_batches_tracked pretrained model pretrained_models/hrnet_w18_small_model_v1.pth
2023-02-10 12:38:00,609 => loading stage2.0.fuse_layers.1.0.0.0.weight pretrained model pretrained_models/hrnet_w18_small_model_v1.pth
2023-02-10 12:38:00,609 => loading stage2.0.fuse_layers.1.0.0.1.weight pretrained model pretrained_models/hrnet_w18_small_model_v1.pth
2023-02-10 12:38:00,609 => loading stage2.0.fuse_layers.1.0.0.1.bias pretrained model pretrained_models/hrnet_w18_small_model_v1.pth
2023-02-10 12:38:00,609 => loading stage2.0.fuse_layers.1.0.0.1.running_mean pretrained model pretrained_models/hrnet_w18_small_model_v1.pth
2023-02-10 12:38:00,609 => loading stage2.0.fuse_layers.1.0.0.1.running_var pretrained model pretrained_models/hrnet_w18_small_model_v1.pth
2023-02-10 12:38:00,609 => loading stage2.0.fuse_layers.1.0.0.1.num_batches_tracked pretrained model pretrained_models/hrnet_w18_small_model_v1.pth
2023-02-10 12:38:00,609 => loading transition2.2.0.0.weight pretrained model pretrained_models/hrnet_w18_small_model_v1.pth
2023-02-10 12:38:00,609 => loading transition2.2.0.1.weight pretrained model pretrained_models/hrnet_w18_small_model_v1.pth
2023-02-10 12:38:00,609 => loading transition2.2.0.1.bias pretrained model pretrained_models/hrnet_w18_small_model_v1.pth
2023-02-10 12:38:00,609 => loading transition2.2.0.1.running_mean pretrained model pretrained_models/hrnet_w18_small_model_v1.pth
2023-02-10 12:38:00,609 => loading transition2.2.0.1.running_var pretrained model pretrained_models/hrnet_w18_small_model_v1.pth
2023-02-10 12:38:00,609 => loading transition2.2.0.1.num_batches_tracked pretrained model pretrained_models/hrnet_w18_small_model_v1.pth
2023-02-10 12:38:00,609 => loading stage3.0.branches.0.0.conv1.weight pretrained model pretrained_models/hrnet_w18_small_model_v1.pth
2023-02-10 12:38:00,609 => loading stage3.0.branches.0.0.bn1.weight pretrained model pretrained_models/hrnet_w18_small_model_v1.pth
2023-02-10 12:38:00,609 => loading stage3.0.branches.0.0.bn1.bias pretrained model pretrained_models/hrnet_w18_small_model_v1.pth
2023-02-10 12:38:00,609 => loading stage3.0.branches.0.0.bn1.running_mean pretrained model pretrained_models/hrnet_w18_small_model_v1.pth
2023-02-10 12:38:00,609 => loading stage3.0.branches.0.0.bn1.running_var pretrained model pretrained_models/hrnet_w18_small_model_v1.pth
2023-02-10 12:38:00,609 => loading stage3.0.branches.0.0.bn1.num_batches_tracked pretrained model pretrained_models/hrnet_w18_small_model_v1.pth
2023-02-10 12:38:00,609 => loading stage3.0.branches.0.0.conv2.weight pretrained model pretrained_models/hrnet_w18_small_model_v1.pth
2023-02-10 12:38:00,609 => loading stage3.0.branches.0.0.bn2.weight pretrained model pretrained_models/hrnet_w18_small_model_v1.pth
2023-02-10 12:38:00,609 => loading stage3.0.branches.0.0.bn2.bias pretrained model pretrained_models/hrnet_w18_small_model_v1.pth
2023-02-10 12:38:00,609 => loading stage3.0.branches.0.0.bn2.running_mean pretrained model pretrained_models/hrnet_w18_small_model_v1.pth
2023-02-10 12:38:00,609 => loading stage3.0.branches.0.0.bn2.running_var pretrained model pretrained_models/hrnet_w18_small_model_v1.pth
2023-02-10 12:38:00,609 => loading stage3.0.branches.0.0.bn2.num_batches_tracked pretrained model pretrained_models/hrnet_w18_small_model_v1.pth
2023-02-10 12:38:00,609 => loading stage3.0.branches.0.1.conv1.weight pretrained model pretrained_models/hrnet_w18_small_model_v1.pth
2023-02-10 12:38:00,609 => loading stage3.0.branches.0.1.bn1.weight pretrained model pretrained_models/hrnet_w18_small_model_v1.pth
2023-02-10 12:38:00,609 => loading stage3.0.branches.0.1.bn1.bias pretrained model pretrained_models/hrnet_w18_small_model_v1.pth
2023-02-10 12:38:00,609 => loading stage3.0.branches.0.1.bn1.running_mean pretrained model pretrained_models/hrnet_w18_small_model_v1.pth
2023-02-10 12:38:00,609 => loading stage3.0.branches.0.1.bn1.running_var pretrained model pretrained_models/hrnet_w18_small_model_v1.pth
2023-02-10 12:38:00,609 => loading stage3.0.branches.0.1.bn1.num_batches_tracked pretrained model pretrained_models/hrnet_w18_small_model_v1.pth
2023-02-10 12:38:00,609 => loading stage3.0.branches.0.1.conv2.weight pretrained model pretrained_models/hrnet_w18_small_model_v1.pth
2023-02-10 12:38:00,609 => loading stage3.0.branches.0.1.bn2.weight pretrained model pretrained_models/hrnet_w18_small_model_v1.pth
2023-02-10 12:38:00,609 => loading stage3.0.branches.0.1.bn2.bias pretrained model pretrained_models/hrnet_w18_small_model_v1.pth
2023-02-10 12:38:00,609 => loading stage3.0.branches.0.1.bn2.running_mean pretrained model pretrained_models/hrnet_w18_small_model_v1.pth
2023-02-10 12:38:00,609 => loading stage3.0.branches.0.1.bn2.running_var pretrained model pretrained_models/hrnet_w18_small_model_v1.pth
2023-02-10 12:38:00,609 => loading stage3.0.branches.0.1.bn2.num_batches_tracked pretrained model pretrained_models/hrnet_w18_small_model_v1.pth
2023-02-10 12:38:00,609 => loading stage3.0.branches.1.0.conv1.weight pretrained model pretrained_models/hrnet_w18_small_model_v1.pth
2023-02-10 12:38:00,609 => loading stage3.0.branches.1.0.bn1.weight pretrained model pretrained_models/hrnet_w18_small_model_v1.pth
2023-02-10 12:38:00,609 => loading stage3.0.branches.1.0.bn1.bias pretrained model pretrained_models/hrnet_w18_small_model_v1.pth
2023-02-10 12:38:00,609 => loading stage3.0.branches.1.0.bn1.running_mean pretrained model pretrained_models/hrnet_w18_small_model_v1.pth
2023-02-10 12:38:00,609 => loading stage3.0.branches.1.0.bn1.running_var pretrained model pretrained_models/hrnet_w18_small_model_v1.pth
2023-02-10 12:38:00,609 => loading stage3.0.branches.1.0.bn1.num_batches_tracked pretrained model pretrained_models/hrnet_w18_small_model_v1.pth
2023-02-10 12:38:00,609 => loading stage3.0.branches.1.0.conv2.weight pretrained model pretrained_models/hrnet_w18_small_model_v1.pth
2023-02-10 12:38:00,609 => loading stage3.0.branches.1.0.bn2.weight pretrained model pretrained_models/hrnet_w18_small_model_v1.pth
2023-02-10 12:38:00,609 => loading stage3.0.branches.1.0.bn2.bias pretrained model pretrained_models/hrnet_w18_small_model_v1.pth
2023-02-10 12:38:00,609 => loading stage3.0.branches.1.0.bn2.running_mean pretrained model pretrained_models/hrnet_w18_small_model_v1.pth
2023-02-10 12:38:00,609 => loading stage3.0.branches.1.0.bn2.running_var pretrained model pretrained_models/hrnet_w18_small_model_v1.pth
2023-02-10 12:38:00,610 => loading stage3.0.branches.1.0.bn2.num_batches_tracked pretrained model pretrained_models/hrnet_w18_small_model_v1.pth
2023-02-10 12:38:00,610 => loading stage3.0.branches.1.1.conv1.weight pretrained model pretrained_models/hrnet_w18_small_model_v1.pth
2023-02-10 12:38:00,610 => loading stage3.0.branches.1.1.bn1.weight pretrained model pretrained_models/hrnet_w18_small_model_v1.pth
2023-02-10 12:38:00,610 => loading stage3.0.branches.1.1.bn1.bias pretrained model pretrained_models/hrnet_w18_small_model_v1.pth
2023-02-10 12:38:00,610 => loading stage3.0.branches.1.1.bn1.running_mean pretrained model pretrained_models/hrnet_w18_small_model_v1.pth
2023-02-10 12:38:00,610 => loading stage3.0.branches.1.1.bn1.running_var pretrained model pretrained_models/hrnet_w18_small_model_v1.pth
2023-02-10 12:38:00,610 => loading stage3.0.branches.1.1.bn1.num_batches_tracked pretrained model pretrained_models/hrnet_w18_small_model_v1.pth
2023-02-10 12:38:00,610 => loading stage3.0.branches.1.1.conv2.weight pretrained model pretrained_models/hrnet_w18_small_model_v1.pth
2023-02-10 12:38:00,610 => loading stage3.0.branches.1.1.bn2.weight pretrained model pretrained_models/hrnet_w18_small_model_v1.pth
2023-02-10 12:38:00,610 => loading stage3.0.branches.1.1.bn2.bias pretrained model pretrained_models/hrnet_w18_small_model_v1.pth
2023-02-10 12:38:00,610 => loading stage3.0.branches.1.1.bn2.running_mean pretrained model pretrained_models/hrnet_w18_small_model_v1.pth
2023-02-10 12:38:00,610 => loading stage3.0.branches.1.1.bn2.running_var pretrained model pretrained_models/hrnet_w18_small_model_v1.pth
2023-02-10 12:38:00,610 => loading stage3.0.branches.1.1.bn2.num_batches_tracked pretrained model pretrained_models/hrnet_w18_small_model_v1.pth
2023-02-10 12:38:00,610 => loading stage3.0.branches.2.0.conv1.weight pretrained model pretrained_models/hrnet_w18_small_model_v1.pth
2023-02-10 12:38:00,610 => loading stage3.0.branches.2.0.bn1.weight pretrained model pretrained_models/hrnet_w18_small_model_v1.pth
2023-02-10 12:38:00,610 => loading stage3.0.branches.2.0.bn1.bias pretrained model pretrained_models/hrnet_w18_small_model_v1.pth
2023-02-10 12:38:00,610 => loading stage3.0.branches.2.0.bn1.running_mean pretrained model pretrained_models/hrnet_w18_small_model_v1.pth
2023-02-10 12:38:00,610 => loading stage3.0.branches.2.0.bn1.running_var pretrained model pretrained_models/hrnet_w18_small_model_v1.pth
2023-02-10 12:38:00,610 => loading stage3.0.branches.2.0.bn1.num_batches_tracked pretrained model pretrained_models/hrnet_w18_small_model_v1.pth
2023-02-10 12:38:00,610 => loading stage3.0.branches.2.0.conv2.weight pretrained model pretrained_models/hrnet_w18_small_model_v1.pth
2023-02-10 12:38:00,610 => loading stage3.0.branches.2.0.bn2.weight pretrained model pretrained_models/hrnet_w18_small_model_v1.pth
2023-02-10 12:38:00,610 => loading stage3.0.branches.2.0.bn2.bias pretrained model pretrained_models/hrnet_w18_small_model_v1.pth
2023-02-10 12:38:00,610 => loading stage3.0.branches.2.0.bn2.running_mean pretrained model pretrained_models/hrnet_w18_small_model_v1.pth
2023-02-10 12:38:00,610 => loading stage3.0.branches.2.0.bn2.running_var pretrained model pretrained_models/hrnet_w18_small_model_v1.pth
2023-02-10 12:38:00,610 => loading stage3.0.branches.2.0.bn2.num_batches_tracked pretrained model pretrained_models/hrnet_w18_small_model_v1.pth
2023-02-10 12:38:00,610 => loading stage3.0.branches.2.1.conv1.weight pretrained model pretrained_models/hrnet_w18_small_model_v1.pth
2023-02-10 12:38:00,610 => loading stage3.0.branches.2.1.bn1.weight pretrained model pretrained_models/hrnet_w18_small_model_v1.pth
2023-02-10 12:38:00,610 => loading stage3.0.branches.2.1.bn1.bias pretrained model pretrained_models/hrnet_w18_small_model_v1.pth
2023-02-10 12:38:00,610 => loading stage3.0.branches.2.1.bn1.running_mean pretrained model pretrained_models/hrnet_w18_small_model_v1.pth
2023-02-10 12:38:00,610 => loading stage3.0.branches.2.1.bn1.running_var pretrained model pretrained_models/hrnet_w18_small_model_v1.pth
2023-02-10 12:38:00,610 => loading stage3.0.branches.2.1.bn1.num_batches_tracked pretrained model pretrained_models/hrnet_w18_small_model_v1.pth
2023-02-10 12:38:00,610 => loading stage3.0.branches.2.1.conv2.weight pretrained model pretrained_models/hrnet_w18_small_model_v1.pth
2023-02-10 12:38:00,610 => loading stage3.0.branches.2.1.bn2.weight pretrained model pretrained_models/hrnet_w18_small_model_v1.pth
2023-02-10 12:38:00,610 => loading stage3.0.branches.2.1.bn2.bias pretrained model pretrained_models/hrnet_w18_small_model_v1.pth
2023-02-10 12:38:00,610 => loading stage3.0.branches.2.1.bn2.running_mean pretrained model pretrained_models/hrnet_w18_small_model_v1.pth
2023-02-10 12:38:00,610 => loading stage3.0.branches.2.1.bn2.running_var pretrained model pretrained_models/hrnet_w18_small_model_v1.pth
2023-02-10 12:38:00,610 => loading stage3.0.branches.2.1.bn2.num_batches_tracked pretrained model pretrained_models/hrnet_w18_small_model_v1.pth
2023-02-10 12:38:00,610 => loading stage3.0.fuse_layers.0.1.0.weight pretrained model pretrained_models/hrnet_w18_small_model_v1.pth
2023-02-10 12:38:00,610 => loading stage3.0.fuse_layers.0.1.1.weight pretrained model pretrained_models/hrnet_w18_small_model_v1.pth
2023-02-10 12:38:00,610 => loading stage3.0.fuse_layers.0.1.1.bias pretrained model pretrained_models/hrnet_w18_small_model_v1.pth
2023-02-10 12:38:00,610 => loading stage3.0.fuse_layers.0.1.1.running_mean pretrained model pretrained_models/hrnet_w18_small_model_v1.pth
2023-02-10 12:38:00,610 => loading stage3.0.fuse_layers.0.1.1.running_var pretrained model pretrained_models/hrnet_w18_small_model_v1.pth
2023-02-10 12:38:00,610 => loading stage3.0.fuse_layers.0.1.1.num_batches_tracked pretrained model pretrained_models/hrnet_w18_small_model_v1.pth
2023-02-10 12:38:00,610 => loading stage3.0.fuse_layers.0.2.0.weight pretrained model pretrained_models/hrnet_w18_small_model_v1.pth
2023-02-10 12:38:00,610 => loading stage3.0.fuse_layers.0.2.1.weight pretrained model pretrained_models/hrnet_w18_small_model_v1.pth
2023-02-10 12:38:00,610 => loading stage3.0.fuse_layers.0.2.1.bias pretrained model pretrained_models/hrnet_w18_small_model_v1.pth
2023-02-10 12:38:00,610 => loading stage3.0.fuse_layers.0.2.1.running_mean pretrained model pretrained_models/hrnet_w18_small_model_v1.pth
2023-02-10 12:38:00,611 => loading stage3.0.fuse_layers.0.2.1.running_var pretrained model pretrained_models/hrnet_w18_small_model_v1.pth
2023-02-10 12:38:00,611 => loading stage3.0.fuse_layers.0.2.1.num_batches_tracked pretrained model pretrained_models/hrnet_w18_small_model_v1.pth
2023-02-10 12:38:00,611 => loading stage3.0.fuse_layers.1.0.0.0.weight pretrained model pretrained_models/hrnet_w18_small_model_v1.pth
2023-02-10 12:38:00,611 => loading stage3.0.fuse_layers.1.0.0.1.weight pretrained model pretrained_models/hrnet_w18_small_model_v1.pth
2023-02-10 12:38:00,611 => loading stage3.0.fuse_layers.1.0.0.1.bias pretrained model pretrained_models/hrnet_w18_small_model_v1.pth
2023-02-10 12:38:00,611 => loading stage3.0.fuse_layers.1.0.0.1.running_mean pretrained model pretrained_models/hrnet_w18_small_model_v1.pth
2023-02-10 12:38:00,611 => loading stage3.0.fuse_layers.1.0.0.1.running_var pretrained model pretrained_models/hrnet_w18_small_model_v1.pth
2023-02-10 12:38:00,611 => loading stage3.0.fuse_layers.1.0.0.1.num_batches_tracked pretrained model pretrained_models/hrnet_w18_small_model_v1.pth
2023-02-10 12:38:00,611 => loading stage3.0.fuse_layers.1.2.0.weight pretrained model pretrained_models/hrnet_w18_small_model_v1.pth
2023-02-10 12:38:00,611 => loading stage3.0.fuse_layers.1.2.1.weight pretrained model pretrained_models/hrnet_w18_small_model_v1.pth
2023-02-10 12:38:00,611 => loading stage3.0.fuse_layers.1.2.1.bias pretrained model pretrained_models/hrnet_w18_small_model_v1.pth
2023-02-10 12:38:00,611 => loading stage3.0.fuse_layers.1.2.1.running_mean pretrained model pretrained_models/hrnet_w18_small_model_v1.pth
2023-02-10 12:38:00,611 => loading stage3.0.fuse_layers.1.2.1.running_var pretrained model pretrained_models/hrnet_w18_small_model_v1.pth
2023-02-10 12:38:00,611 => loading stage3.0.fuse_layers.1.2.1.num_batches_tracked pretrained model pretrained_models/hrnet_w18_small_model_v1.pth
2023-02-10 12:38:00,611 => loading stage3.0.fuse_layers.2.0.0.0.weight pretrained model pretrained_models/hrnet_w18_small_model_v1.pth
2023-02-10 12:38:00,611 => loading stage3.0.fuse_layers.2.0.0.1.weight pretrained model pretrained_models/hrnet_w18_small_model_v1.pth
2023-02-10 12:38:00,611 => loading stage3.0.fuse_layers.2.0.0.1.bias pretrained model pretrained_models/hrnet_w18_small_model_v1.pth
2023-02-10 12:38:00,611 => loading stage3.0.fuse_layers.2.0.0.1.running_mean pretrained model pretrained_models/hrnet_w18_small_model_v1.pth
2023-02-10 12:38:00,611 => loading stage3.0.fuse_layers.2.0.0.1.running_var pretrained model pretrained_models/hrnet_w18_small_model_v1.pth
2023-02-10 12:38:00,611 => loading stage3.0.fuse_layers.2.0.0.1.num_batches_tracked pretrained model pretrained_models/hrnet_w18_small_model_v1.pth
2023-02-10 12:38:00,611 => loading stage3.0.fuse_layers.2.0.1.0.weight pretrained model pretrained_models/hrnet_w18_small_model_v1.pth
2023-02-10 12:38:00,611 => loading stage3.0.fuse_layers.2.0.1.1.weight pretrained model pretrained_models/hrnet_w18_small_model_v1.pth
2023-02-10 12:38:00,611 => loading stage3.0.fuse_layers.2.0.1.1.bias pretrained model pretrained_models/hrnet_w18_small_model_v1.pth
2023-02-10 12:38:00,611 => loading stage3.0.fuse_layers.2.0.1.1.running_mean pretrained model pretrained_models/hrnet_w18_small_model_v1.pth
2023-02-10 12:38:00,611 => loading stage3.0.fuse_layers.2.0.1.1.running_var pretrained model pretrained_models/hrnet_w18_small_model_v1.pth
2023-02-10 12:38:00,611 => loading stage3.0.fuse_layers.2.0.1.1.num_batches_tracked pretrained model pretrained_models/hrnet_w18_small_model_v1.pth
2023-02-10 12:38:00,611 => loading stage3.0.fuse_layers.2.1.0.0.weight pretrained model pretrained_models/hrnet_w18_small_model_v1.pth
2023-02-10 12:38:00,611 => loading stage3.0.fuse_layers.2.1.0.1.weight pretrained model pretrained_models/hrnet_w18_small_model_v1.pth
2023-02-10 12:38:00,611 => loading stage3.0.fuse_layers.2.1.0.1.bias pretrained model pretrained_models/hrnet_w18_small_model_v1.pth
2023-02-10 12:38:00,611 => loading stage3.0.fuse_layers.2.1.0.1.running_mean pretrained model pretrained_models/hrnet_w18_small_model_v1.pth
2023-02-10 12:38:00,611 => loading stage3.0.fuse_layers.2.1.0.1.running_var pretrained model pretrained_models/hrnet_w18_small_model_v1.pth
2023-02-10 12:38:00,611 => loading stage3.0.fuse_layers.2.1.0.1.num_batches_tracked pretrained model pretrained_models/hrnet_w18_small_model_v1.pth
2023-02-10 12:38:00,611 => loading transition3.3.0.0.weight pretrained model pretrained_models/hrnet_w18_small_model_v1.pth
2023-02-10 12:38:00,611 => loading transition3.3.0.1.weight pretrained model pretrained_models/hrnet_w18_small_model_v1.pth
2023-02-10 12:38:00,611 => loading transition3.3.0.1.bias pretrained model pretrained_models/hrnet_w18_small_model_v1.pth
2023-02-10 12:38:00,611 => loading transition3.3.0.1.running_mean pretrained model pretrained_models/hrnet_w18_small_model_v1.pth
2023-02-10 12:38:00,611 => loading transition3.3.0.1.running_var pretrained model pretrained_models/hrnet_w18_small_model_v1.pth
2023-02-10 12:38:00,611 => loading transition3.3.0.1.num_batches_tracked pretrained model pretrained_models/hrnet_w18_small_model_v1.pth
2023-02-10 12:38:00,611 => loading stage4.0.branches.0.0.conv1.weight pretrained model pretrained_models/hrnet_w18_small_model_v1.pth
2023-02-10 12:38:00,611 => loading stage4.0.branches.0.0.bn1.weight pretrained model pretrained_models/hrnet_w18_small_model_v1.pth
2023-02-10 12:38:00,611 => loading stage4.0.branches.0.0.bn1.bias pretrained model pretrained_models/hrnet_w18_small_model_v1.pth
2023-02-10 12:38:00,611 => loading stage4.0.branches.0.0.bn1.running_mean pretrained model pretrained_models/hrnet_w18_small_model_v1.pth
2023-02-10 12:38:00,611 => loading stage4.0.branches.0.0.bn1.running_var pretrained model pretrained_models/hrnet_w18_small_model_v1.pth
2023-02-10 12:38:00,611 => loading stage4.0.branches.0.0.bn1.num_batches_tracked pretrained model pretrained_models/hrnet_w18_small_model_v1.pth
2023-02-10 12:38:00,611 => loading stage4.0.branches.0.0.conv2.weight pretrained model pretrained_models/hrnet_w18_small_model_v1.pth
2023-02-10 12:38:00,611 => loading stage4.0.branches.0.0.bn2.weight pretrained model pretrained_models/hrnet_w18_small_model_v1.pth
2023-02-10 12:38:00,611 => loading stage4.0.branches.0.0.bn2.bias pretrained model pretrained_models/hrnet_w18_small_model_v1.pth
2023-02-10 12:38:00,612 => loading stage4.0.branches.0.0.bn2.running_mean pretrained model pretrained_models/hrnet_w18_small_model_v1.pth
2023-02-10 12:38:00,612 => loading stage4.0.branches.0.0.bn2.running_var pretrained model pretrained_models/hrnet_w18_small_model_v1.pth
2023-02-10 12:38:00,612 => loading stage4.0.branches.0.0.bn2.num_batches_tracked pretrained model pretrained_models/hrnet_w18_small_model_v1.pth
2023-02-10 12:38:00,612 => loading stage4.0.branches.0.1.conv1.weight pretrained model pretrained_models/hrnet_w18_small_model_v1.pth
2023-02-10 12:38:00,612 => loading stage4.0.branches.0.1.bn1.weight pretrained model pretrained_models/hrnet_w18_small_model_v1.pth
2023-02-10 12:38:00,612 => loading stage4.0.branches.0.1.bn1.bias pretrained model pretrained_models/hrnet_w18_small_model_v1.pth
2023-02-10 12:38:00,612 => loading stage4.0.branches.0.1.bn1.running_mean pretrained model pretrained_models/hrnet_w18_small_model_v1.pth
2023-02-10 12:38:00,612 => loading stage4.0.branches.0.1.bn1.running_var pretrained model pretrained_models/hrnet_w18_small_model_v1.pth
2023-02-10 12:38:00,612 => loading stage4.0.branches.0.1.bn1.num_batches_tracked pretrained model pretrained_models/hrnet_w18_small_model_v1.pth
2023-02-10 12:38:00,612 => loading stage4.0.branches.0.1.conv2.weight pretrained model pretrained_models/hrnet_w18_small_model_v1.pth
2023-02-10 12:38:00,612 => loading stage4.0.branches.0.1.bn2.weight pretrained model pretrained_models/hrnet_w18_small_model_v1.pth
2023-02-10 12:38:00,612 => loading stage4.0.branches.0.1.bn2.bias pretrained model pretrained_models/hrnet_w18_small_model_v1.pth
2023-02-10 12:38:00,612 => loading stage4.0.branches.0.1.bn2.running_mean pretrained model pretrained_models/hrnet_w18_small_model_v1.pth
2023-02-10 12:38:00,612 => loading stage4.0.branches.0.1.bn2.running_var pretrained model pretrained_models/hrnet_w18_small_model_v1.pth
2023-02-10 12:38:00,612 => loading stage4.0.branches.0.1.bn2.num_batches_tracked pretrained model pretrained_models/hrnet_w18_small_model_v1.pth
2023-02-10 12:38:00,612 => loading stage4.0.branches.1.0.conv1.weight pretrained model pretrained_models/hrnet_w18_small_model_v1.pth
2023-02-10 12:38:00,612 => loading stage4.0.branches.1.0.bn1.weight pretrained model pretrained_models/hrnet_w18_small_model_v1.pth
2023-02-10 12:38:00,612 => loading stage4.0.branches.1.0.bn1.bias pretrained model pretrained_models/hrnet_w18_small_model_v1.pth
2023-02-10 12:38:00,612 => loading stage4.0.branches.1.0.bn1.running_mean pretrained model pretrained_models/hrnet_w18_small_model_v1.pth
2023-02-10 12:38:00,612 => loading stage4.0.branches.1.0.bn1.running_var pretrained model pretrained_models/hrnet_w18_small_model_v1.pth
2023-02-10 12:38:00,612 => loading stage4.0.branches.1.0.bn1.num_batches_tracked pretrained model pretrained_models/hrnet_w18_small_model_v1.pth
2023-02-10 12:38:00,612 => loading stage4.0.branches.1.0.conv2.weight pretrained model pretrained_models/hrnet_w18_small_model_v1.pth
2023-02-10 12:38:00,612 => loading stage4.0.branches.1.0.bn2.weight pretrained model pretrained_models/hrnet_w18_small_model_v1.pth
2023-02-10 12:38:00,612 => loading stage4.0.branches.1.0.bn2.bias pretrained model pretrained_models/hrnet_w18_small_model_v1.pth
2023-02-10 12:38:00,612 => loading stage4.0.branches.1.0.bn2.running_mean pretrained model pretrained_models/hrnet_w18_small_model_v1.pth
2023-02-10 12:38:00,612 => loading stage4.0.branches.1.0.bn2.running_var pretrained model pretrained_models/hrnet_w18_small_model_v1.pth
2023-02-10 12:38:00,612 => loading stage4.0.branches.1.0.bn2.num_batches_tracked pretrained model pretrained_models/hrnet_w18_small_model_v1.pth
2023-02-10 12:38:00,612 => loading stage4.0.branches.1.1.conv1.weight pretrained model pretrained_models/hrnet_w18_small_model_v1.pth
2023-02-10 12:38:00,612 => loading stage4.0.branches.1.1.bn1.weight pretrained model pretrained_models/hrnet_w18_small_model_v1.pth
2023-02-10 12:38:00,612 => loading stage4.0.branches.1.1.bn1.bias pretrained model pretrained_models/hrnet_w18_small_model_v1.pth
2023-02-10 12:38:00,612 => loading stage4.0.branches.1.1.bn1.running_mean pretrained model pretrained_models/hrnet_w18_small_model_v1.pth
2023-02-10 12:38:00,612 => loading stage4.0.branches.1.1.bn1.running_var pretrained model pretrained_models/hrnet_w18_small_model_v1.pth
2023-02-10 12:38:00,612 => loading stage4.0.branches.1.1.bn1.num_batches_tracked pretrained model pretrained_models/hrnet_w18_small_model_v1.pth
2023-02-10 12:38:00,612 => loading stage4.0.branches.1.1.conv2.weight pretrained model pretrained_models/hrnet_w18_small_model_v1.pth
2023-02-10 12:38:00,612 => loading stage4.0.branches.1.1.bn2.weight pretrained model pretrained_models/hrnet_w18_small_model_v1.pth
2023-02-10 12:38:00,612 => loading stage4.0.branches.1.1.bn2.bias pretrained model pretrained_models/hrnet_w18_small_model_v1.pth
2023-02-10 12:38:00,612 => loading stage4.0.branches.1.1.bn2.running_mean pretrained model pretrained_models/hrnet_w18_small_model_v1.pth
2023-02-10 12:38:00,612 => loading stage4.0.branches.1.1.bn2.running_var pretrained model pretrained_models/hrnet_w18_small_model_v1.pth
2023-02-10 12:38:00,612 => loading stage4.0.branches.1.1.bn2.num_batches_tracked pretrained model pretrained_models/hrnet_w18_small_model_v1.pth
2023-02-10 12:38:00,612 => loading stage4.0.branches.2.0.conv1.weight pretrained model pretrained_models/hrnet_w18_small_model_v1.pth
2023-02-10 12:38:00,612 => loading stage4.0.branches.2.0.bn1.weight pretrained model pretrained_models/hrnet_w18_small_model_v1.pth
2023-02-10 12:38:00,612 => loading stage4.0.branches.2.0.bn1.bias pretrained model pretrained_models/hrnet_w18_small_model_v1.pth
2023-02-10 12:38:00,612 => loading stage4.0.branches.2.0.bn1.running_mean pretrained model pretrained_models/hrnet_w18_small_model_v1.pth
2023-02-10 12:38:00,612 => loading stage4.0.branches.2.0.bn1.running_var pretrained model pretrained_models/hrnet_w18_small_model_v1.pth
2023-02-10 12:38:00,612 => loading stage4.0.branches.2.0.bn1.num_batches_tracked pretrained model pretrained_models/hrnet_w18_small_model_v1.pth
2023-02-10 12:38:00,612 => loading stage4.0.branches.2.0.conv2.weight pretrained model pretrained_models/hrnet_w18_small_model_v1.pth
2023-02-10 12:38:00,612 => loading stage4.0.branches.2.0.bn2.weight pretrained model pretrained_models/hrnet_w18_small_model_v1.pth
2023-02-10 12:38:00,612 => loading stage4.0.branches.2.0.bn2.bias pretrained model pretrained_models/hrnet_w18_small_model_v1.pth
2023-02-10 12:38:00,613 => loading stage4.0.branches.2.0.bn2.running_mean pretrained model pretrained_models/hrnet_w18_small_model_v1.pth
2023-02-10 12:38:00,613 => loading stage4.0.branches.2.0.bn2.running_var pretrained model pretrained_models/hrnet_w18_small_model_v1.pth
2023-02-10 12:38:00,613 => loading stage4.0.branches.2.0.bn2.num_batches_tracked pretrained model pretrained_models/hrnet_w18_small_model_v1.pth
2023-02-10 12:38:00,613 => loading stage4.0.branches.2.1.conv1.weight pretrained model pretrained_models/hrnet_w18_small_model_v1.pth
2023-02-10 12:38:00,613 => loading stage4.0.branches.2.1.bn1.weight pretrained model pretrained_models/hrnet_w18_small_model_v1.pth
2023-02-10 12:38:00,613 => loading stage4.0.branches.2.1.bn1.bias pretrained model pretrained_models/hrnet_w18_small_model_v1.pth
2023-02-10 12:38:00,613 => loading stage4.0.branches.2.1.bn1.running_mean pretrained model pretrained_models/hrnet_w18_small_model_v1.pth
2023-02-10 12:38:00,613 => loading stage4.0.branches.2.1.bn1.running_var pretrained model pretrained_models/hrnet_w18_small_model_v1.pth
2023-02-10 12:38:00,613 => loading stage4.0.branches.2.1.bn1.num_batches_tracked pretrained model pretrained_models/hrnet_w18_small_model_v1.pth
2023-02-10 12:38:00,613 => loading stage4.0.branches.2.1.conv2.weight pretrained model pretrained_models/hrnet_w18_small_model_v1.pth
2023-02-10 12:38:00,613 => loading stage4.0.branches.2.1.bn2.weight pretrained model pretrained_models/hrnet_w18_small_model_v1.pth
2023-02-10 12:38:00,613 => loading stage4.0.branches.2.1.bn2.bias pretrained model pretrained_models/hrnet_w18_small_model_v1.pth
2023-02-10 12:38:00,613 => loading stage4.0.branches.2.1.bn2.running_mean pretrained model pretrained_models/hrnet_w18_small_model_v1.pth
2023-02-10 12:38:00,613 => loading stage4.0.branches.2.1.bn2.running_var pretrained model pretrained_models/hrnet_w18_small_model_v1.pth
2023-02-10 12:38:00,613 => loading stage4.0.branches.2.1.bn2.num_batches_tracked pretrained model pretrained_models/hrnet_w18_small_model_v1.pth
2023-02-10 12:38:00,613 => loading stage4.0.branches.3.0.conv1.weight pretrained model pretrained_models/hrnet_w18_small_model_v1.pth
2023-02-10 12:38:00,613 => loading stage4.0.branches.3.0.bn1.weight pretrained model pretrained_models/hrnet_w18_small_model_v1.pth
2023-02-10 12:38:00,613 => loading stage4.0.branches.3.0.bn1.bias pretrained model pretrained_models/hrnet_w18_small_model_v1.pth
2023-02-10 12:38:00,613 => loading stage4.0.branches.3.0.bn1.running_mean pretrained model pretrained_models/hrnet_w18_small_model_v1.pth
2023-02-10 12:38:00,613 => loading stage4.0.branches.3.0.bn1.running_var pretrained model pretrained_models/hrnet_w18_small_model_v1.pth
2023-02-10 12:38:00,613 => loading stage4.0.branches.3.0.bn1.num_batches_tracked pretrained model pretrained_models/hrnet_w18_small_model_v1.pth
2023-02-10 12:38:00,613 => loading stage4.0.branches.3.0.conv2.weight pretrained model pretrained_models/hrnet_w18_small_model_v1.pth
2023-02-10 12:38:00,613 => loading stage4.0.branches.3.0.bn2.weight pretrained model pretrained_models/hrnet_w18_small_model_v1.pth
2023-02-10 12:38:00,613 => loading stage4.0.branches.3.0.bn2.bias pretrained model pretrained_models/hrnet_w18_small_model_v1.pth
2023-02-10 12:38:00,613 => loading stage4.0.branches.3.0.bn2.running_mean pretrained model pretrained_models/hrnet_w18_small_model_v1.pth
2023-02-10 12:38:00,613 => loading stage4.0.branches.3.0.bn2.running_var pretrained model pretrained_models/hrnet_w18_small_model_v1.pth
2023-02-10 12:38:00,613 => loading stage4.0.branches.3.0.bn2.num_batches_tracked pretrained model pretrained_models/hrnet_w18_small_model_v1.pth
2023-02-10 12:38:00,613 => loading stage4.0.branches.3.1.conv1.weight pretrained model pretrained_models/hrnet_w18_small_model_v1.pth
2023-02-10 12:38:00,613 => loading stage4.0.branches.3.1.bn1.weight pretrained model pretrained_models/hrnet_w18_small_model_v1.pth
2023-02-10 12:38:00,613 => loading stage4.0.branches.3.1.bn1.bias pretrained model pretrained_models/hrnet_w18_small_model_v1.pth
2023-02-10 12:38:00,613 => loading stage4.0.branches.3.1.bn1.running_mean pretrained model pretrained_models/hrnet_w18_small_model_v1.pth
2023-02-10 12:38:00,613 => loading stage4.0.branches.3.1.bn1.running_var pretrained model pretrained_models/hrnet_w18_small_model_v1.pth
2023-02-10 12:38:00,613 => loading stage4.0.branches.3.1.bn1.num_batches_tracked pretrained model pretrained_models/hrnet_w18_small_model_v1.pth
2023-02-10 12:38:00,613 => loading stage4.0.branches.3.1.conv2.weight pretrained model pretrained_models/hrnet_w18_small_model_v1.pth
2023-02-10 12:38:00,613 => loading stage4.0.branches.3.1.bn2.weight pretrained model pretrained_models/hrnet_w18_small_model_v1.pth
2023-02-10 12:38:00,613 => loading stage4.0.branches.3.1.bn2.bias pretrained model pretrained_models/hrnet_w18_small_model_v1.pth
2023-02-10 12:38:00,613 => loading stage4.0.branches.3.1.bn2.running_mean pretrained model pretrained_models/hrnet_w18_small_model_v1.pth
2023-02-10 12:38:00,613 => loading stage4.0.branches.3.1.bn2.running_var pretrained model pretrained_models/hrnet_w18_small_model_v1.pth
2023-02-10 12:38:00,613 => loading stage4.0.branches.3.1.bn2.num_batches_tracked pretrained model pretrained_models/hrnet_w18_small_model_v1.pth
2023-02-10 12:38:00,613 => loading stage4.0.fuse_layers.0.1.0.weight pretrained model pretrained_models/hrnet_w18_small_model_v1.pth
2023-02-10 12:38:00,613 => loading stage4.0.fuse_layers.0.1.1.weight pretrained model pretrained_models/hrnet_w18_small_model_v1.pth
2023-02-10 12:38:00,613 => loading stage4.0.fuse_layers.0.1.1.bias pretrained model pretrained_models/hrnet_w18_small_model_v1.pth
2023-02-10 12:38:00,613 => loading stage4.0.fuse_layers.0.1.1.running_mean pretrained model pretrained_models/hrnet_w18_small_model_v1.pth
2023-02-10 12:38:00,613 => loading stage4.0.fuse_layers.0.1.1.running_var pretrained model pretrained_models/hrnet_w18_small_model_v1.pth
2023-02-10 12:38:00,613 => loading stage4.0.fuse_layers.0.1.1.num_batches_tracked pretrained model pretrained_models/hrnet_w18_small_model_v1.pth
2023-02-10 12:38:00,613 => loading stage4.0.fuse_layers.0.2.0.weight pretrained model pretrained_models/hrnet_w18_small_model_v1.pth
2023-02-10 12:38:00,613 => loading stage4.0.fuse_layers.0.2.1.weight pretrained model pretrained_models/hrnet_w18_small_model_v1.pth
2023-02-10 12:38:00,614 => loading stage4.0.fuse_layers.0.2.1.bias pretrained model pretrained_models/hrnet_w18_small_model_v1.pth
2023-02-10 12:38:00,614 => loading stage4.0.fuse_layers.0.2.1.running_mean pretrained model pretrained_models/hrnet_w18_small_model_v1.pth
2023-02-10 12:38:00,614 => loading stage4.0.fuse_layers.0.2.1.running_var pretrained model pretrained_models/hrnet_w18_small_model_v1.pth
2023-02-10 12:38:00,614 => loading stage4.0.fuse_layers.0.2.1.num_batches_tracked pretrained model pretrained_models/hrnet_w18_small_model_v1.pth
2023-02-10 12:38:00,614 => loading stage4.0.fuse_layers.0.3.0.weight pretrained model pretrained_models/hrnet_w18_small_model_v1.pth
2023-02-10 12:38:00,614 => loading stage4.0.fuse_layers.0.3.1.weight pretrained model pretrained_models/hrnet_w18_small_model_v1.pth
2023-02-10 12:38:00,614 => loading stage4.0.fuse_layers.0.3.1.bias pretrained model pretrained_models/hrnet_w18_small_model_v1.pth
2023-02-10 12:38:00,614 => loading stage4.0.fuse_layers.0.3.1.running_mean pretrained model pretrained_models/hrnet_w18_small_model_v1.pth
2023-02-10 12:38:00,614 => loading stage4.0.fuse_layers.0.3.1.running_var pretrained model pretrained_models/hrnet_w18_small_model_v1.pth
2023-02-10 12:38:00,614 => loading stage4.0.fuse_layers.0.3.1.num_batches_tracked pretrained model pretrained_models/hrnet_w18_small_model_v1.pth
2023-02-10 12:38:00,614 => loading stage4.0.fuse_layers.1.0.0.0.weight pretrained model pretrained_models/hrnet_w18_small_model_v1.pth
2023-02-10 12:38:00,614 => loading stage4.0.fuse_layers.1.0.0.1.weight pretrained model pretrained_models/hrnet_w18_small_model_v1.pth
2023-02-10 12:38:00,614 => loading stage4.0.fuse_layers.1.0.0.1.bias pretrained model pretrained_models/hrnet_w18_small_model_v1.pth
2023-02-10 12:38:00,614 => loading stage4.0.fuse_layers.1.0.0.1.running_mean pretrained model pretrained_models/hrnet_w18_small_model_v1.pth
2023-02-10 12:38:00,614 => loading stage4.0.fuse_layers.1.0.0.1.running_var pretrained model pretrained_models/hrnet_w18_small_model_v1.pth
2023-02-10 12:38:00,614 => loading stage4.0.fuse_layers.1.0.0.1.num_batches_tracked pretrained model pretrained_models/hrnet_w18_small_model_v1.pth
2023-02-10 12:38:00,614 => loading stage4.0.fuse_layers.1.2.0.weight pretrained model pretrained_models/hrnet_w18_small_model_v1.pth
2023-02-10 12:38:00,614 => loading stage4.0.fuse_layers.1.2.1.weight pretrained model pretrained_models/hrnet_w18_small_model_v1.pth
2023-02-10 12:38:00,614 => loading stage4.0.fuse_layers.1.2.1.bias pretrained model pretrained_models/hrnet_w18_small_model_v1.pth
2023-02-10 12:38:00,614 => loading stage4.0.fuse_layers.1.2.1.running_mean pretrained model pretrained_models/hrnet_w18_small_model_v1.pth
2023-02-10 12:38:00,614 => loading stage4.0.fuse_layers.1.2.1.running_var pretrained model pretrained_models/hrnet_w18_small_model_v1.pth
2023-02-10 12:38:00,614 => loading stage4.0.fuse_layers.1.2.1.num_batches_tracked pretrained model pretrained_models/hrnet_w18_small_model_v1.pth
2023-02-10 12:38:00,614 => loading stage4.0.fuse_layers.1.3.0.weight pretrained model pretrained_models/hrnet_w18_small_model_v1.pth
2023-02-10 12:38:00,614 => loading stage4.0.fuse_layers.1.3.1.weight pretrained model pretrained_models/hrnet_w18_small_model_v1.pth
2023-02-10 12:38:00,614 => loading stage4.0.fuse_layers.1.3.1.bias pretrained model pretrained_models/hrnet_w18_small_model_v1.pth
2023-02-10 12:38:00,614 => loading stage4.0.fuse_layers.1.3.1.running_mean pretrained model pretrained_models/hrnet_w18_small_model_v1.pth
2023-02-10 12:38:00,614 => loading stage4.0.fuse_layers.1.3.1.running_var pretrained model pretrained_models/hrnet_w18_small_model_v1.pth
2023-02-10 12:38:00,614 => loading stage4.0.fuse_layers.1.3.1.num_batches_tracked pretrained model pretrained_models/hrnet_w18_small_model_v1.pth
2023-02-10 12:38:00,614 => loading stage4.0.fuse_layers.2.0.0.0.weight pretrained model pretrained_models/hrnet_w18_small_model_v1.pth
2023-02-10 12:38:00,614 => loading stage4.0.fuse_layers.2.0.0.1.weight pretrained model pretrained_models/hrnet_w18_small_model_v1.pth
2023-02-10 12:38:00,614 => loading stage4.0.fuse_layers.2.0.0.1.bias pretrained model pretrained_models/hrnet_w18_small_model_v1.pth
2023-02-10 12:38:00,614 => loading stage4.0.fuse_layers.2.0.0.1.running_mean pretrained model pretrained_models/hrnet_w18_small_model_v1.pth
2023-02-10 12:38:00,614 => loading stage4.0.fuse_layers.2.0.0.1.running_var pretrained model pretrained_models/hrnet_w18_small_model_v1.pth
2023-02-10 12:38:00,614 => loading stage4.0.fuse_layers.2.0.0.1.num_batches_tracked pretrained model pretrained_models/hrnet_w18_small_model_v1.pth
2023-02-10 12:38:00,614 => loading stage4.0.fuse_layers.2.0.1.0.weight pretrained model pretrained_models/hrnet_w18_small_model_v1.pth
2023-02-10 12:38:00,614 => loading stage4.0.fuse_layers.2.0.1.1.weight pretrained model pretrained_models/hrnet_w18_small_model_v1.pth
2023-02-10 12:38:00,614 => loading stage4.0.fuse_layers.2.0.1.1.bias pretrained model pretrained_models/hrnet_w18_small_model_v1.pth
2023-02-10 12:38:00,614 => loading stage4.0.fuse_layers.2.0.1.1.running_mean pretrained model pretrained_models/hrnet_w18_small_model_v1.pth
2023-02-10 12:38:00,614 => loading stage4.0.fuse_layers.2.0.1.1.running_var pretrained model pretrained_models/hrnet_w18_small_model_v1.pth
2023-02-10 12:38:00,614 => loading stage4.0.fuse_layers.2.0.1.1.num_batches_tracked pretrained model pretrained_models/hrnet_w18_small_model_v1.pth
2023-02-10 12:38:00,614 => loading stage4.0.fuse_layers.2.1.0.0.weight pretrained model pretrained_models/hrnet_w18_small_model_v1.pth
2023-02-10 12:38:00,614 => loading stage4.0.fuse_layers.2.1.0.1.weight pretrained model pretrained_models/hrnet_w18_small_model_v1.pth
2023-02-10 12:38:00,614 => loading stage4.0.fuse_layers.2.1.0.1.bias pretrained model pretrained_models/hrnet_w18_small_model_v1.pth
2023-02-10 12:38:00,614 => loading stage4.0.fuse_layers.2.1.0.1.running_mean pretrained model pretrained_models/hrnet_w18_small_model_v1.pth
2023-02-10 12:38:00,614 => loading stage4.0.fuse_layers.2.1.0.1.running_var pretrained model pretrained_models/hrnet_w18_small_model_v1.pth
2023-02-10 12:38:00,614 => loading stage4.0.fuse_layers.2.1.0.1.num_batches_tracked pretrained model pretrained_models/hrnet_w18_small_model_v1.pth
2023-02-10 12:38:00,614 => loading stage4.0.fuse_layers.2.3.0.weight pretrained model pretrained_models/hrnet_w18_small_model_v1.pth
2023-02-10 12:38:00,614 => loading stage4.0.fuse_layers.2.3.1.weight pretrained model pretrained_models/hrnet_w18_small_model_v1.pth
2023-02-10 12:38:00,615 => loading stage4.0.fuse_layers.2.3.1.bias pretrained model pretrained_models/hrnet_w18_small_model_v1.pth
2023-02-10 12:38:00,615 => loading stage4.0.fuse_layers.2.3.1.running_mean pretrained model pretrained_models/hrnet_w18_small_model_v1.pth
2023-02-10 12:38:00,615 => loading stage4.0.fuse_layers.2.3.1.running_var pretrained model pretrained_models/hrnet_w18_small_model_v1.pth
2023-02-10 12:38:00,615 => loading stage4.0.fuse_layers.2.3.1.num_batches_tracked pretrained model pretrained_models/hrnet_w18_small_model_v1.pth
2023-02-10 12:38:00,615 => loading stage4.0.fuse_layers.3.0.0.0.weight pretrained model pretrained_models/hrnet_w18_small_model_v1.pth
2023-02-10 12:38:00,615 => loading stage4.0.fuse_layers.3.0.0.1.weight pretrained model pretrained_models/hrnet_w18_small_model_v1.pth
2023-02-10 12:38:00,615 => loading stage4.0.fuse_layers.3.0.0.1.bias pretrained model pretrained_models/hrnet_w18_small_model_v1.pth
2023-02-10 12:38:00,615 => loading stage4.0.fuse_layers.3.0.0.1.running_mean pretrained model pretrained_models/hrnet_w18_small_model_v1.pth
2023-02-10 12:38:00,615 => loading stage4.0.fuse_layers.3.0.0.1.running_var pretrained model pretrained_models/hrnet_w18_small_model_v1.pth
2023-02-10 12:38:00,615 => loading stage4.0.fuse_layers.3.0.0.1.num_batches_tracked pretrained model pretrained_models/hrnet_w18_small_model_v1.pth
2023-02-10 12:38:00,615 => loading stage4.0.fuse_layers.3.0.1.0.weight pretrained model pretrained_models/hrnet_w18_small_model_v1.pth
2023-02-10 12:38:00,615 => loading stage4.0.fuse_layers.3.0.1.1.weight pretrained model pretrained_models/hrnet_w18_small_model_v1.pth
2023-02-10 12:38:00,615 => loading stage4.0.fuse_layers.3.0.1.1.bias pretrained model pretrained_models/hrnet_w18_small_model_v1.pth
2023-02-10 12:38:00,615 => loading stage4.0.fuse_layers.3.0.1.1.running_mean pretrained model pretrained_models/hrnet_w18_small_model_v1.pth
2023-02-10 12:38:00,615 => loading stage4.0.fuse_layers.3.0.1.1.running_var pretrained model pretrained_models/hrnet_w18_small_model_v1.pth
2023-02-10 12:38:00,615 => loading stage4.0.fuse_layers.3.0.1.1.num_batches_tracked pretrained model pretrained_models/hrnet_w18_small_model_v1.pth
2023-02-10 12:38:00,615 => loading stage4.0.fuse_layers.3.0.2.0.weight pretrained model pretrained_models/hrnet_w18_small_model_v1.pth
2023-02-10 12:38:00,615 => loading stage4.0.fuse_layers.3.0.2.1.weight pretrained model pretrained_models/hrnet_w18_small_model_v1.pth
2023-02-10 12:38:00,615 => loading stage4.0.fuse_layers.3.0.2.1.bias pretrained model pretrained_models/hrnet_w18_small_model_v1.pth
2023-02-10 12:38:00,615 => loading stage4.0.fuse_layers.3.0.2.1.running_mean pretrained model pretrained_models/hrnet_w18_small_model_v1.pth
2023-02-10 12:38:00,615 => loading stage4.0.fuse_layers.3.0.2.1.running_var pretrained model pretrained_models/hrnet_w18_small_model_v1.pth
2023-02-10 12:38:00,615 => loading stage4.0.fuse_layers.3.0.2.1.num_batches_tracked pretrained model pretrained_models/hrnet_w18_small_model_v1.pth
2023-02-10 12:38:00,615 => loading stage4.0.fuse_layers.3.1.0.0.weight pretrained model pretrained_models/hrnet_w18_small_model_v1.pth
2023-02-10 12:38:00,615 => loading stage4.0.fuse_layers.3.1.0.1.weight pretrained model pretrained_models/hrnet_w18_small_model_v1.pth
2023-02-10 12:38:00,615 => loading stage4.0.fuse_layers.3.1.0.1.bias pretrained model pretrained_models/hrnet_w18_small_model_v1.pth
2023-02-10 12:38:00,615 => loading stage4.0.fuse_layers.3.1.0.1.running_mean pretrained model pretrained_models/hrnet_w18_small_model_v1.pth
2023-02-10 12:38:00,615 => loading stage4.0.fuse_layers.3.1.0.1.running_var pretrained model pretrained_models/hrnet_w18_small_model_v1.pth
2023-02-10 12:38:00,615 => loading stage4.0.fuse_layers.3.1.0.1.num_batches_tracked pretrained model pretrained_models/hrnet_w18_small_model_v1.pth
2023-02-10 12:38:00,615 => loading stage4.0.fuse_layers.3.1.1.0.weight pretrained model pretrained_models/hrnet_w18_small_model_v1.pth
2023-02-10 12:38:00,615 => loading stage4.0.fuse_layers.3.1.1.1.weight pretrained model pretrained_models/hrnet_w18_small_model_v1.pth
2023-02-10 12:38:00,615 => loading stage4.0.fuse_layers.3.1.1.1.bias pretrained model pretrained_models/hrnet_w18_small_model_v1.pth
2023-02-10 12:38:00,615 => loading stage4.0.fuse_layers.3.1.1.1.running_mean pretrained model pretrained_models/hrnet_w18_small_model_v1.pth
2023-02-10 12:38:00,615 => loading stage4.0.fuse_layers.3.1.1.1.running_var pretrained model pretrained_models/hrnet_w18_small_model_v1.pth
2023-02-10 12:38:00,615 => loading stage4.0.fuse_layers.3.1.1.1.num_batches_tracked pretrained model pretrained_models/hrnet_w18_small_model_v1.pth
2023-02-10 12:38:00,615 => loading stage4.0.fuse_layers.3.2.0.0.weight pretrained model pretrained_models/hrnet_w18_small_model_v1.pth
2023-02-10 12:38:00,615 => loading stage4.0.fuse_layers.3.2.0.1.weight pretrained model pretrained_models/hrnet_w18_small_model_v1.pth
2023-02-10 12:38:00,615 => loading stage4.0.fuse_layers.3.2.0.1.bias pretrained model pretrained_models/hrnet_w18_small_model_v1.pth
2023-02-10 12:38:00,615 => loading stage4.0.fuse_layers.3.2.0.1.running_mean pretrained model pretrained_models/hrnet_w18_small_model_v1.pth
2023-02-10 12:38:00,615 => loading stage4.0.fuse_layers.3.2.0.1.running_var pretrained model pretrained_models/hrnet_w18_small_model_v1.pth
2023-02-10 12:38:00,615 => loading stage4.0.fuse_layers.3.2.0.1.num_batches_tracked pretrained model pretrained_models/hrnet_w18_small_model_v1.pth
2023-02-10 12:38:03,042 
Total Parameters: 1,540,819
----------------------------------------------------------------------------------------------------------------------------------
Total Multiply Adds (For Convolution and Linear Layers only): 7.7744140625 GFLOPs
----------------------------------------------------------------------------------------------------------------------------------
Number of Layers
Conv2d : 73 layers   BatchNorm2d : 72 layers   ReLU : 60 layers   Bottleneck : 1 layers   BasicBlock : 18 layers   HighResolutionModule : 3 layers   
2023-02-10 12:38:03,161 => loaded checkpoint (epoch 1)
2023-02-10 12:38:04,597 Epoch: [1/10] Iter:[0/986], Time: 1.44, lr: 0.009095, Loss: 0.435816
2023-02-10 12:38:11,974 Epoch: [1/10] Iter:[100/986], Time: 0.09, lr: 0.009003, Loss: 0.644192
2023-02-10 12:38:19,818 Epoch: [1/10] Iter:[200/986], Time: 0.08, lr: 0.008911, Loss: 0.681239
2023-02-10 12:38:27,654 Epoch: [1/10] Iter:[300/986], Time: 0.08, lr: 0.008818, Loss: 0.653519
2023-02-10 12:38:35,324 Epoch: [1/10] Iter:[400/986], Time: 0.08, lr: 0.008726, Loss: 0.641844
2023-02-10 12:38:43,213 Epoch: [1/10] Iter:[500/986], Time: 0.08, lr: 0.008633, Loss: 0.644822
2023-02-10 12:38:50,655 Epoch: [1/10] Iter:[600/986], Time: 0.08, lr: 0.008540, Loss: 0.628805
2023-02-10 12:38:58,071 Epoch: [1/10] Iter:[700/986], Time: 0.08, lr: 0.008447, Loss: 0.613184
2023-02-10 12:39:05,824 Epoch: [1/10] Iter:[800/986], Time: 0.08, lr: 0.008354, Loss: 0.605857
2023-02-10 12:39:13,390 Epoch: [1/10] Iter:[900/986], Time: 0.08, lr: 0.008261, Loss: 0.600960
2023-02-10 12:39:20,018 => saving checkpoint to output/cityscapes/hrnet_w18_small_v1checkpoint.pth.tar
2023-02-10 12:41:16,854 Loss: 0.579, MeanIU:  0.3109, Best_mIoU:  0.3109
2023-02-10 12:41:16,855 [8.52733333e-01 3.78266159e-01 7.13486888e-01 4.91191376e-06
 1.32660121e-01 2.59786840e-01 8.28031592e-03 3.08730235e-01
 7.77069563e-01 2.28303313e-01 6.81112563e-01 4.59187134e-01
 0.00000000e+00 7.18458778e-01 0.00000000e+00 1.74590496e-02
 0.00000000e+00 0.00000000e+00 3.71660285e-01]
2023-02-10 12:41:17,455 Epoch: [2/10] Iter:[0/986], Time: 0.58, lr: 0.008181, Loss: 0.906132
2023-02-10 12:41:24,792 Epoch: [2/10] Iter:[100/986], Time: 0.08, lr: 0.008087, Loss: 0.575905
2023-02-10 12:41:32,090 Epoch: [2/10] Iter:[200/986], Time: 0.08, lr: 0.007994, Loss: 0.585141
2023-02-10 12:41:39,234 Epoch: [2/10] Iter:[300/986], Time: 0.07, lr: 0.007900, Loss: 0.612548
2023-02-10 12:41:46,645 Epoch: [2/10] Iter:[400/986], Time: 0.07, lr: 0.007806, Loss: 0.596676
2023-02-10 12:41:53,878 Epoch: [2/10] Iter:[500/986], Time: 0.07, lr: 0.007712, Loss: 0.578406
2023-02-10 12:42:01,328 Epoch: [2/10] Iter:[600/986], Time: 0.07, lr: 0.007618, Loss: 0.569803
2023-02-10 12:42:08,505 Epoch: [2/10] Iter:[700/986], Time: 0.07, lr: 0.007524, Loss: 0.562036
2023-02-10 12:42:15,673 Epoch: [2/10] Iter:[800/986], Time: 0.07, lr: 0.007430, Loss: 0.549910
2023-02-10 12:42:22,995 Epoch: [2/10] Iter:[900/986], Time: 0.07, lr: 0.007335, Loss: 0.543061
2023-02-10 12:42:29,265 => saving checkpoint to output/cityscapes/hrnet_w18_small_v1checkpoint.pth.tar
2023-02-10 12:44:25,994 Loss: 0.484, MeanIU:  0.3454, Best_mIoU:  0.3454
2023-02-10 12:44:25,995 [8.95467880e-01 5.26746817e-01 7.69191868e-01 5.06937516e-03
 1.82853744e-01 3.66968797e-01 5.08441571e-02 3.51343222e-01
 8.40132053e-01 2.51717221e-01 6.45682281e-01 4.56140465e-01
 0.00000000e+00 7.90686978e-01 0.00000000e+00 2.05717182e-03
 2.16159000e-04 0.00000000e+00 4.28222944e-01]
2023-02-10 12:44:26,652 Epoch: [3/10] Iter:[0/986], Time: 0.63, lr: 0.007254, Loss: 0.302860
2023-02-10 12:44:34,039 Epoch: [3/10] Iter:[100/986], Time: 0.08, lr: 0.007160, Loss: 0.477615
2023-02-10 12:44:41,269 Epoch: [3/10] Iter:[200/986], Time: 0.08, lr: 0.007065, Loss: 0.492238
2023-02-10 12:44:48,580 Epoch: [3/10] Iter:[300/986], Time: 0.07, lr: 0.006970, Loss: 0.495266
2023-02-10 12:44:55,726 Epoch: [3/10] Iter:[400/986], Time: 0.07, lr: 0.006875, Loss: 0.492170
2023-02-10 12:45:02,890 Epoch: [3/10] Iter:[500/986], Time: 0.07, lr: 0.006779, Loss: 0.490962
2023-02-10 12:45:10,229 Epoch: [3/10] Iter:[600/986], Time: 0.07, lr: 0.006684, Loss: 0.481646
2023-02-10 12:45:17,708 Epoch: [3/10] Iter:[700/986], Time: 0.07, lr: 0.006589, Loss: 0.487139
2023-02-10 12:45:24,906 Epoch: [3/10] Iter:[800/986], Time: 0.07, lr: 0.006493, Loss: 0.499373
2023-02-10 12:45:32,463 Epoch: [3/10] Iter:[900/986], Time: 0.07, lr: 0.006397, Loss: 0.498668
2023-02-10 12:45:38,766 => saving checkpoint to output/cityscapes/hrnet_w18_small_v1checkpoint.pth.tar
2023-02-10 12:47:35,119 Loss: 0.481, MeanIU:  0.3571, Best_mIoU:  0.3571
2023-02-10 12:47:35,119 [8.90926439e-01 5.02703698e-01 7.78330526e-01 4.80960512e-02
 1.15696077e-01 2.59197207e-01 1.00389743e-01 4.40581246e-01
 8.36875082e-01 2.99281813e-01 8.23989290e-01 5.29238668e-01
 5.95134773e-04 6.51358521e-01 0.00000000e+00 1.53480495e-02
 0.00000000e+00 0.00000000e+00 4.92519081e-01]
2023-02-10 12:47:35,752 Epoch: [4/10] Iter:[0/986], Time: 0.61, lr: 0.006314, Loss: 0.378904
2023-02-10 12:47:42,955 Epoch: [4/10] Iter:[100/986], Time: 0.08, lr: 0.006218, Loss: 0.486534
2023-02-10 12:47:50,350 Epoch: [4/10] Iter:[200/986], Time: 0.08, lr: 0.006122, Loss: 0.454832
2023-02-10 12:47:57,658 Epoch: [4/10] Iter:[300/986], Time: 0.07, lr: 0.006026, Loss: 0.440001
2023-02-10 12:48:04,912 Epoch: [4/10] Iter:[400/986], Time: 0.07, lr: 0.005929, Loss: 0.439370
2023-02-10 12:48:12,103 Epoch: [4/10] Iter:[500/986], Time: 0.07, lr: 0.005832, Loss: 0.443645
2023-02-10 12:48:19,499 Epoch: [4/10] Iter:[600/986], Time: 0.07, lr: 0.005735, Loss: 0.444127
2023-02-10 12:48:26,853 Epoch: [4/10] Iter:[700/986], Time: 0.07, lr: 0.005638, Loss: 0.446841
2023-02-10 12:48:34,219 Epoch: [4/10] Iter:[800/986], Time: 0.07, lr: 0.005540, Loss: 0.440687
2023-02-10 12:48:41,479 Epoch: [4/10] Iter:[900/986], Time: 0.07, lr: 0.005443, Loss: 0.439956
2023-02-10 12:48:47,736 => saving checkpoint to output/cityscapes/hrnet_w18_small_v1checkpoint.pth.tar
2023-02-10 12:50:44,509 Loss: 0.413, MeanIU:  0.3809, Best_mIoU:  0.3809
2023-02-10 12:50:44,509 [9.19253903e-01 5.68065875e-01 7.65462057e-01 7.77585946e-02
 1.94019849e-01 3.02328845e-01 6.00405296e-02 3.82815921e-01
 8.47282506e-01 3.43628255e-01 8.23219319e-01 5.64073528e-01
 3.47609966e-04 8.09797369e-01 0.00000000e+00 4.36554034e-02
 0.00000000e+00 0.00000000e+00 5.35501564e-01]
2023-02-10 12:50:45,158 Epoch: [5/10] Iter:[0/986], Time: 0.64, lr: 0.005359, Loss: 0.268373
2023-02-10 12:50:52,622 Epoch: [5/10] Iter:[100/986], Time: 0.08, lr: 0.005261, Loss: 0.456599
2023-02-10 12:50:59,890 Epoch: [5/10] Iter:[200/986], Time: 0.08, lr: 0.005163, Loss: 0.455574
2023-02-10 12:51:07,117 Epoch: [5/10] Iter:[300/986], Time: 0.08, lr: 0.005064, Loss: 0.448990
2023-02-10 12:51:14,576 Epoch: [5/10] Iter:[400/986], Time: 0.07, lr: 0.004966, Loss: 0.435545
2023-02-10 12:51:21,807 Epoch: [5/10] Iter:[500/986], Time: 0.07, lr: 0.004867, Loss: 0.424988
2023-02-10 12:51:29,103 Epoch: [5/10] Iter:[600/986], Time: 0.07, lr: 0.004768, Loss: 0.418936
2023-02-10 12:51:36,393 Epoch: [5/10] Iter:[700/986], Time: 0.07, lr: 0.004669, Loss: 0.427800
2023-02-10 12:51:43,810 Epoch: [5/10] Iter:[800/986], Time: 0.07, lr: 0.004569, Loss: 0.416192
2023-02-10 12:51:51,099 Epoch: [5/10] Iter:[900/986], Time: 0.07, lr: 0.004470, Loss: 0.414460
2023-02-10 12:51:57,400 => saving checkpoint to output/cityscapes/hrnet_w18_small_v1checkpoint.pth.tar
2023-02-10 12:53:55,421 Loss: 0.358, MeanIU:  0.4318, Best_mIoU:  0.4318
2023-02-10 12:53:55,421 [0.93777734 0.6208516  0.81586551 0.10555116 0.20957042 0.39549887
 0.24495674 0.5150472  0.87806961 0.42827402 0.81502203 0.55412894
 0.02094921 0.82416741 0.         0.05626544 0.16012017 0.08716203
 0.53517947]
2023-02-10 12:53:56,076 Epoch: [6/10] Iter:[0/986], Time: 0.64, lr: 0.004384, Loss: 0.237532
2023-02-10 12:54:03,387 Epoch: [6/10] Iter:[100/986], Time: 0.08, lr: 0.004284, Loss: 0.450205
2023-02-10 12:54:10,557 Epoch: [6/10] Iter:[200/986], Time: 0.08, lr: 0.004183, Loss: 0.413995
2023-02-10 12:54:18,013 Epoch: [6/10] Iter:[300/986], Time: 0.07, lr: 0.004083, Loss: 0.415077
2023-02-10 12:54:25,397 Epoch: [6/10] Iter:[400/986], Time: 0.07, lr: 0.003982, Loss: 0.410596
2023-02-10 12:54:32,825 Epoch: [6/10] Iter:[500/986], Time: 0.07, lr: 0.003880, Loss: 0.399242
2023-02-10 12:54:40,143 Epoch: [6/10] Iter:[600/986], Time: 0.07, lr: 0.003779, Loss: 0.392174
2023-02-10 12:54:47,609 Epoch: [6/10] Iter:[700/986], Time: 0.07, lr: 0.003677, Loss: 0.394281
2023-02-10 12:54:54,932 Epoch: [6/10] Iter:[800/986], Time: 0.07, lr: 0.003575, Loss: 0.395685
2023-02-10 12:55:02,323 Epoch: [6/10] Iter:[900/986], Time: 0.07, lr: 0.003472, Loss: 0.395435
2023-02-10 12:55:08,464 => saving checkpoint to output/cityscapes/hrnet_w18_small_v1checkpoint.pth.tar
2023-02-10 12:57:07,410 Loss: 0.345, MeanIU:  0.4207, Best_mIoU:  0.4318
2023-02-10 12:57:07,410 [9.45699859e-01 6.77895667e-01 8.21467372e-01 1.09417927e-01
 1.76742982e-01 3.74905828e-01 1.22751126e-01 4.78066278e-01
 8.70488535e-01 4.08608808e-01 8.65305031e-01 5.90907596e-01
 1.09751616e-03 8.08344617e-01 6.91675048e-03 5.50280703e-02
 1.08738737e-01 6.29366142e-04 5.70442438e-01]
2023-02-10 12:57:07,995 Epoch: [7/10] Iter:[0/986], Time: 0.57, lr: 0.003384, Loss: 0.135001
2023-02-10 12:57:15,396 Epoch: [7/10] Iter:[100/986], Time: 0.08, lr: 0.003281, Loss: 0.403693
2023-02-10 12:57:22,475 Epoch: [7/10] Iter:[200/986], Time: 0.07, lr: 0.003177, Loss: 0.400363
2023-02-10 12:57:29,690 Epoch: [7/10] Iter:[300/986], Time: 0.07, lr: 0.003073, Loss: 0.391043
2023-02-10 12:57:36,964 Epoch: [7/10] Iter:[400/986], Time: 0.07, lr: 0.002969, Loss: 0.378084
2023-02-10 12:57:44,274 Epoch: [7/10] Iter:[500/986], Time: 0.07, lr: 0.002864, Loss: 0.377916
2023-02-10 12:57:51,642 Epoch: [7/10] Iter:[600/986], Time: 0.07, lr: 0.002759, Loss: 0.378571
2023-02-10 12:57:59,000 Epoch: [7/10] Iter:[700/986], Time: 0.07, lr: 0.002654, Loss: 0.376758
2023-02-10 12:58:06,154 Epoch: [7/10] Iter:[800/986], Time: 0.07, lr: 0.002548, Loss: 0.373950
2023-02-10 12:58:13,460 Epoch: [7/10] Iter:[900/986], Time: 0.07, lr: 0.002441, Loss: 0.371879
2023-02-10 12:58:19,797 => saving checkpoint to output/cityscapes/hrnet_w18_small_v1checkpoint.pth.tar
2023-02-10 13:00:20,549 Loss: 0.301, MeanIU:  0.4725, Best_mIoU:  0.4725
2023-02-10 13:00:20,549 [9.53063897e-01 7.12252838e-01 8.48220307e-01 1.89612467e-01
 3.02569456e-01 4.52843507e-01 2.85753391e-01 5.47987428e-01
 8.85895707e-01 4.30895308e-01 8.55575796e-01 6.45849778e-01
 9.68184699e-02 8.34242419e-01 3.45607017e-04 9.35586595e-02
 1.70018972e-01 4.96783733e-02 6.23039425e-01]
2023-02-10 13:00:21,210 Epoch: [8/10] Iter:[0/986], Time: 0.64, lr: 0.002349, Loss: 0.315540
2023-02-10 13:00:28,426 Epoch: [8/10] Iter:[100/986], Time: 0.08, lr: 0.002242, Loss: 0.309959
2023-02-10 13:00:35,700 Epoch: [8/10] Iter:[200/986], Time: 0.08, lr: 0.002134, Loss: 0.344185
2023-02-10 13:00:43,126 Epoch: [8/10] Iter:[300/986], Time: 0.07, lr: 0.002025, Loss: 0.351843
2023-02-10 13:00:50,781 Epoch: [8/10] Iter:[400/986], Time: 0.08, lr: 0.001916, Loss: 0.347009
2023-02-10 13:00:58,041 Epoch: [8/10] Iter:[500/986], Time: 0.07, lr: 0.001806, Loss: 0.344515
2023-02-10 13:01:05,454 Epoch: [8/10] Iter:[600/986], Time: 0.07, lr: 0.001695, Loss: 0.350341
2023-02-10 13:01:12,839 Epoch: [8/10] Iter:[700/986], Time: 0.07, lr: 0.001583, Loss: 0.349172
2023-02-10 13:01:20,201 Epoch: [8/10] Iter:[800/986], Time: 0.07, lr: 0.001471, Loss: 0.348800
2023-02-10 13:01:27,624 Epoch: [8/10] Iter:[900/986], Time: 0.07, lr: 0.001357, Loss: 0.351084
2023-02-10 13:01:33,778 => saving checkpoint to output/cityscapes/hrnet_w18_small_v1checkpoint.pth.tar
2023-02-10 13:03:33,727 Loss: 0.299, MeanIU:  0.4747, Best_mIoU:  0.4747
2023-02-10 13:03:33,728 [9.49774992e-01 7.04627417e-01 8.43113930e-01 2.28474980e-01
 2.98992849e-01 4.21187870e-01 2.60856016e-01 5.58618352e-01
 8.84050455e-01 4.30756988e-01 8.74109575e-01 6.47822417e-01
 2.27145947e-02 8.55849817e-01 8.58698202e-04 2.11674214e-01
 1.41025966e-01 6.51778736e-02 6.20274441e-01]
2023-02-10 13:03:34,339 Epoch: [9/10] Iter:[0/986], Time: 0.59, lr: 0.001259, Loss: 0.909551
2023-02-10 13:03:41,779 Epoch: [9/10] Iter:[100/986], Time: 0.08, lr: 0.001143, Loss: 0.346782
2023-02-10 13:03:48,989 Epoch: [9/10] Iter:[200/986], Time: 0.08, lr: 0.001027, Loss: 0.346382
2023-02-10 13:03:56,247 Epoch: [9/10] Iter:[300/986], Time: 0.07, lr: 0.000908, Loss: 0.354828
2023-02-10 13:04:03,519 Epoch: [9/10] Iter:[400/986], Time: 0.07, lr: 0.000788, Loss: 0.347597
2023-02-10 13:04:10,714 Epoch: [9/10] Iter:[500/986], Time: 0.07, lr: 0.000666, Loss: 0.341585
2023-02-10 13:04:17,948 Epoch: [9/10] Iter:[600/986], Time: 0.07, lr: 0.000541, Loss: 0.344479
2023-02-10 13:04:25,209 Epoch: [9/10] Iter:[700/986], Time: 0.07, lr: 0.000413, Loss: 0.346160
2023-02-10 13:04:32,837 Epoch: [9/10] Iter:[800/986], Time: 0.07, lr: 0.000281, Loss: 0.343205
2023-02-10 13:04:40,100 Epoch: [9/10] Iter:[900/986], Time: 0.07, lr: 0.000140, Loss: 0.341402
2023-02-10 13:04:46,491 => saving checkpoint to output/cityscapes/hrnet_w18_small_v1checkpoint.pth.tar
2023-02-10 13:06:47,137 Loss: 0.276, MeanIU:  0.4920, Best_mIoU:  0.4920
2023-02-10 13:06:47,137 [0.95693484 0.72344117 0.85606763 0.20332161 0.31137331 0.46123621
 0.30615959 0.5775888  0.89187451 0.45899106 0.8788879  0.65646887
 0.09183581 0.85754973 0.00956822 0.21543855 0.18422688 0.06995758
 0.63617238]
2023-02-10 13:06:47,173 Hours: 0
2023-02-10 13:06:47,173 Done
